This file contains any messages produced by compilers while
running configure, to aid debugging if configure makes a mistake.

It was created by flipr configure 0.1, which was
generated by GNU Autoconf 2.69.  Invocation command line was

  $ ./configure 

## --------- ##
## Platform. ##
## --------- ##

hostname = cdxs
uname -m = x86_64
uname -r = 4.15.0-99-generic
uname -s = Linux
uname -v = #100~16.04.1-Ubuntu SMP Wed Apr 22 23:56:30 UTC 2020

/usr/bin/uname -p = unknown
/bin/uname -X     = unknown

/bin/arch              = unknown
/usr/bin/arch -k       = unknown
/usr/convex/getsysinfo = unknown
/usr/bin/hostinfo      = unknown
/bin/machine           = unknown
/usr/bin/oslevel       = unknown
/bin/universe          = unknown

PATH: /usr/local/sbin
PATH: /usr/local/bin
PATH: /usr/sbin
PATH: /usr/bin
PATH: /sbin
PATH: /bin
PATH: /usr/games
PATH: /usr/local/games
PATH: /snap/bin


## ----------- ##
## Core tests. ##
## ----------- ##

configure:2634: checking for a BSD-compatible install
configure:2702: result: /usr/bin/install -c
configure:2713: checking whether build environment is sane
configure:2768: result: yes
configure:2919: checking for a thread-safe mkdir -p
configure:2958: result: /bin/mkdir -p
configure:2965: checking for gawk
configure:2995: result: no
configure:2965: checking for mawk
configure:2981: found /usr/bin/mawk
configure:2992: result: mawk
configure:3003: checking whether make sets $(MAKE)
configure:3025: result: yes
configure:3054: checking whether make supports nested variables
configure:3071: result: yes
configure:3204: checking build system type
configure:3218: result: x86_64-unknown-linux-gnu
configure:3238: checking host system type
configure:3251: result: x86_64-unknown-linux-gnu
configure:3329: checking for g++
configure:3345: found /usr/bin/g++
configure:3356: result: g++
configure:3383: checking for C++ compiler version
configure:3392: g++ --version >&5
g++ (Ubuntu 5.4.0-6ubuntu1~16.04.12) 5.4.0 20160609
Copyright (C) 2015 Free Software Foundation, Inc.
This is free software; see the source for copying conditions.  There is NO
warranty; not even for MERCHANTABILITY or FITNESS FOR A PARTICULAR PURPOSE.

configure:3403: $? = 0
configure:3392: g++ -v >&5
Using built-in specs.
COLLECT_GCC=g++
COLLECT_LTO_WRAPPER=/usr/lib/gcc/x86_64-linux-gnu/5/lto-wrapper
Target: x86_64-linux-gnu
Configured with: ../src/configure -v --with-pkgversion='Ubuntu 5.4.0-6ubuntu1~16.04.12' --with-bugurl=file:///usr/share/doc/gcc-5/README.Bugs --enable-languages=c,ada,c++,java,go,d,fortran,objc,obj-c++ --prefix=/usr --program-suffix=-5 --enable-shared --enable-linker-build-id --libexecdir=/usr/lib --without-included-gettext --enable-threads=posix --libdir=/usr/lib --enable-nls --with-sysroot=/ --enable-clocale=gnu --enable-libstdcxx-debug --enable-libstdcxx-time=yes --with-default-libstdcxx-abi=new --enable-gnu-unique-object --disable-vtable-verify --enable-libmpx --enable-plugin --with-system-zlib --disable-browser-plugin --enable-java-awt=gtk --enable-gtk-cairo --with-java-home=/usr/lib/jvm/java-1.5.0-gcj-5-amd64/jre --enable-java-home --with-jvm-root-dir=/usr/lib/jvm/java-1.5.0-gcj-5-amd64 --with-jvm-jar-dir=/usr/lib/jvm-exports/java-1.5.0-gcj-5-amd64 --with-arch-directory=amd64 --with-ecj-jar=/usr/share/java/eclipse-ecj.jar --enable-objc-gc --enable-multiarch --disable-werror --with-arch-32=i686 --with-abi=m64 --with-multilib-list=m32,m64,mx32 --enable-multilib --with-tune=generic --enable-checking=release --build=x86_64-linux-gnu --host=x86_64-linux-gnu --target=x86_64-linux-gnu
Thread model: posix
gcc version 5.4.0 20160609 (Ubuntu 5.4.0-6ubuntu1~16.04.12) 
configure:3403: $? = 0
configure:3392: g++ -V >&5
g++: error: unrecognized command line option '-V'
g++: fatal error: no input files
compilation terminated.
configure:3403: $? = 1
configure:3392: g++ -qversion >&5
g++: error: unrecognized command line option '-qversion'
g++: fatal error: no input files
compilation terminated.
configure:3403: $? = 1
configure:3423: checking whether the C++ compiler works
configure:3445: g++    conftest.cpp  >&5
configure:3449: $? = 0
configure:3497: result: yes
configure:3500: checking for C++ compiler default output file name
configure:3502: result: a.out
configure:3508: checking for suffix of executables
configure:3515: g++ -o conftest    conftest.cpp  >&5
configure:3519: $? = 0
configure:3541: result: 
configure:3563: checking whether we are cross compiling
configure:3571: g++ -o conftest    conftest.cpp  >&5
configure:3575: $? = 0
configure:3582: ./conftest
configure:3586: $? = 0
configure:3601: result: no
configure:3606: checking for suffix of object files
configure:3628: g++ -c   conftest.cpp >&5
configure:3632: $? = 0
configure:3653: result: o
configure:3657: checking whether we are using the GNU C++ compiler
configure:3676: g++ -c   conftest.cpp >&5
configure:3676: $? = 0
configure:3685: result: yes
configure:3694: checking whether g++ accepts -g
configure:3714: g++ -c -g  conftest.cpp >&5
configure:3714: $? = 0
configure:3755: result: yes
configure:3789: checking for style of include used by make
configure:3817: result: GNU
configure:3843: checking dependency style of g++
configure:3954: result: gcc3
configure:3983: checking whether g++ supports C++11 features by default
configure:4017: g++ -c -g -O2  conftest.cpp >&5
conftest.cpp:15:21: error: expected identifier before 'sizeof'
       static_assert(sizeof(int) <= sizeof(T), "not big enough");
                     ^
conftest.cpp:15:21: error: expected ',' or '...' before 'sizeof'
conftest.cpp:15:63: error: ISO C++ forbids declaration of 'static_assert' with no type [-fpermissive]
       static_assert(sizeof(int) <= sizeof(T), "not big enough");
                                                               ^
conftest.cpp:22:20: warning: override controls (override/final) only available with -std=c++11 or -std=gnu++11
     virtual void f() override {}
                    ^
conftest.cpp:25:29: error: '>>' should be '> >' within a nested template argument list
     typedef check<check<bool>> right_angle_brackets;
                             ^
conftest.cpp:28:13: error: expected constructor, destructor, or type conversion before '(' token
     decltype(a) b;
             ^
conftest.cpp:32:15: error: expected unqualified-id before '&&' token
     check_type&& cr = static_cast<check_type&&>(c);
               ^
conftest.cpp:34:10: error: 'd' does not name a type
     auto d = a;
          ^
conftest.cpp:35:10: error: 'l' does not name a type
     auto l = [](){};
          ^
configure:4017: $? = 1
configure: failed program was:
| /* confdefs.h */
| #define PACKAGE_NAME "flipr"
| #define PACKAGE_TARNAME "flipr"
| #define PACKAGE_VERSION "0.1"
| #define PACKAGE_STRING "flipr 0.1"
| #define PACKAGE_BUGREPORT "yibo@umich.edu"
| #define PACKAGE_URL ""
| #define PACKAGE "flipr"
| #define VERSION "0.1"
| /* end confdefs.h.  */
| 
|   template <typename T>
|     struct check
|     {
|       static_assert(sizeof(int) <= sizeof(T), "not big enough");
|     };
| 
|     struct Base {
|     virtual void f() {}
|     };
|     struct Child : public Base {
|     virtual void f() override {}
|     };
| 
|     typedef check<check<bool>> right_angle_brackets;
| 
|     int a;
|     decltype(a) b;
| 
|     typedef check<int> check_type;
|     check_type c;
|     check_type&& cr = static_cast<check_type&&>(c);
| 
|     auto d = a;
|     auto l = [](){};
| 
configure:4024: result: no
configure:4033: checking whether g++ supports C++11 features with -std=gnu++11
configure:4069: g++ -c -g -O2 -std=gnu++11  conftest.cpp >&5
configure:4069: $? = 0
configure:4078: result: yes
configure:4219: checking for gcc
configure:4235: found /usr/bin/gcc
configure:4246: result: gcc
configure:4475: checking for C compiler version
configure:4484: gcc --version >&5
gcc (Ubuntu 5.4.0-6ubuntu1~16.04.12) 5.4.0 20160609
Copyright (C) 2015 Free Software Foundation, Inc.
This is free software; see the source for copying conditions.  There is NO
warranty; not even for MERCHANTABILITY or FITNESS FOR A PARTICULAR PURPOSE.

configure:4495: $? = 0
configure:4484: gcc -v >&5
Using built-in specs.
COLLECT_GCC=gcc
COLLECT_LTO_WRAPPER=/usr/lib/gcc/x86_64-linux-gnu/5/lto-wrapper
Target: x86_64-linux-gnu
Configured with: ../src/configure -v --with-pkgversion='Ubuntu 5.4.0-6ubuntu1~16.04.12' --with-bugurl=file:///usr/share/doc/gcc-5/README.Bugs --enable-languages=c,ada,c++,java,go,d,fortran,objc,obj-c++ --prefix=/usr --program-suffix=-5 --enable-shared --enable-linker-build-id --libexecdir=/usr/lib --without-included-gettext --enable-threads=posix --libdir=/usr/lib --enable-nls --with-sysroot=/ --enable-clocale=gnu --enable-libstdcxx-debug --enable-libstdcxx-time=yes --with-default-libstdcxx-abi=new --enable-gnu-unique-object --disable-vtable-verify --enable-libmpx --enable-plugin --with-system-zlib --disable-browser-plugin --enable-java-awt=gtk --enable-gtk-cairo --with-java-home=/usr/lib/jvm/java-1.5.0-gcj-5-amd64/jre --enable-java-home --with-jvm-root-dir=/usr/lib/jvm/java-1.5.0-gcj-5-amd64 --with-jvm-jar-dir=/usr/lib/jvm-exports/java-1.5.0-gcj-5-amd64 --with-arch-directory=amd64 --with-ecj-jar=/usr/share/java/eclipse-ecj.jar --enable-objc-gc --enable-multiarch --disable-werror --with-arch-32=i686 --with-abi=m64 --with-multilib-list=m32,m64,mx32 --enable-multilib --with-tune=generic --enable-checking=release --build=x86_64-linux-gnu --host=x86_64-linux-gnu --target=x86_64-linux-gnu
Thread model: posix
gcc version 5.4.0 20160609 (Ubuntu 5.4.0-6ubuntu1~16.04.12) 
configure:4495: $? = 0
configure:4484: gcc -V >&5
gcc: error: unrecognized command line option '-V'
gcc: fatal error: no input files
compilation terminated.
configure:4495: $? = 1
configure:4484: gcc -qversion >&5
gcc: error: unrecognized command line option '-qversion'
gcc: fatal error: no input files
compilation terminated.
configure:4495: $? = 1
configure:4499: checking whether we are using the GNU C compiler
configure:4518: gcc -c   conftest.c >&5
configure:4518: $? = 0
configure:4527: result: yes
configure:4536: checking whether gcc accepts -g
configure:4556: gcc -c -g  conftest.c >&5
configure:4556: $? = 0
configure:4597: result: yes
configure:4614: checking for gcc option to accept ISO C89
configure:4677: gcc  -c -g -O2  conftest.c >&5
configure:4677: $? = 0
configure:4690: result: none needed
configure:4715: checking whether gcc understands -c and -o together
configure:4737: gcc -c conftest.c -o conftest2.o
configure:4740: $? = 0
configure:4737: gcc -c conftest.c -o conftest2.o
configure:4740: $? = 0
configure:4752: result: yes
configure:4771: checking dependency style of gcc
configure:4882: result: gcc3
configure:4897: checking for a sed that does not truncate output
configure:4961: result: /bin/sed
configure:4972: checking how to run the C preprocessor
configure:5003: gcc -E  conftest.c
configure:5003: $? = 0
configure:5017: gcc -E  conftest.c
conftest.c:11:28: fatal error: ac_nonexistent.h: No such file or directory
compilation terminated.
configure:5017: $? = 1
configure: failed program was:
| /* confdefs.h */
| #define PACKAGE_NAME "flipr"
| #define PACKAGE_TARNAME "flipr"
| #define PACKAGE_VERSION "0.1"
| #define PACKAGE_STRING "flipr 0.1"
| #define PACKAGE_BUGREPORT "yibo@umich.edu"
| #define PACKAGE_URL ""
| #define PACKAGE "flipr"
| #define VERSION "0.1"
| /* end confdefs.h.  */
| #include <ac_nonexistent.h>
configure:5042: result: gcc -E
configure:5062: gcc -E  conftest.c
configure:5062: $? = 0
configure:5076: gcc -E  conftest.c
conftest.c:11:28: fatal error: ac_nonexistent.h: No such file or directory
compilation terminated.
configure:5076: $? = 1
configure: failed program was:
| /* confdefs.h */
| #define PACKAGE_NAME "flipr"
| #define PACKAGE_TARNAME "flipr"
| #define PACKAGE_VERSION "0.1"
| #define PACKAGE_STRING "flipr 0.1"
| #define PACKAGE_BUGREPORT "yibo@umich.edu"
| #define PACKAGE_URL ""
| #define PACKAGE "flipr"
| #define VERSION "0.1"
| /* end confdefs.h.  */
| #include <ac_nonexistent.h>
configure:5105: checking for grep that handles long lines and -e
configure:5163: result: /bin/grep
configure:5168: checking for egrep
configure:5230: result: /bin/grep -E
configure:5418: checking whether gcc is Clang
configure:5443: result: no
configure:5566: checking whether pthreads work with -pthread
configure:5660: gcc -o conftest -g -O2 -pthread   conftest.c   >&5
configure:5660: $? = 0
configure:5669: result: yes
configure:5688: checking for joinable pthread attribute
configure:5706: gcc -o conftest -g -O2 -pthread   conftest.c   >&5
configure:5706: $? = 0
configure:5714: result: PTHREAD_CREATE_JOINABLE
configure:5728: checking whether more special flags are required for pthreads
configure:5741: result: no
configure:5749: checking for PTHREAD_PRIO_INHERIT
configure:5765: gcc -o conftest -g -O2 -pthread   conftest.c   >&5
configure:5765: $? = 0
configure:5774: result: yes
configure:5880: checking for ANSI C header files
configure:5900: g++ -c -pthread -g -O2 -std=gnu++11 -I/usr/local/include  conftest.cpp >&5
configure:5900: $? = 0
./configure: line 5914: conftest.cpp: command not found
configure:5984: result: no
configure:5997: checking for sys/types.h
configure:5997: g++ -c -pthread -g -O2 -std=gnu++11 -I/usr/local/include  conftest.cpp >&5
configure:5997: $? = 0
configure:5997: result: yes
configure:5997: checking for sys/stat.h
configure:5997: g++ -c -pthread -g -O2 -std=gnu++11 -I/usr/local/include  conftest.cpp >&5
configure:5997: $? = 0
configure:5997: result: yes
configure:5997: checking for stdlib.h
configure:5997: g++ -c -pthread -g -O2 -std=gnu++11 -I/usr/local/include  conftest.cpp >&5
configure:5997: $? = 0
configure:5997: result: yes
configure:5997: checking for string.h
configure:5997: g++ -c -pthread -g -O2 -std=gnu++11 -I/usr/local/include  conftest.cpp >&5
configure:5997: $? = 0
configure:5997: result: yes
configure:5997: checking for memory.h
configure:5997: g++ -c -pthread -g -O2 -std=gnu++11 -I/usr/local/include  conftest.cpp >&5
configure:5997: $? = 0
configure:5997: result: yes
configure:5997: checking for strings.h
configure:5997: g++ -c -pthread -g -O2 -std=gnu++11 -I/usr/local/include  conftest.cpp >&5
configure:5997: $? = 0
configure:5997: result: yes
configure:5997: checking for inttypes.h
configure:5997: g++ -c -pthread -g -O2 -std=gnu++11 -I/usr/local/include  conftest.cpp >&5
configure:5997: $? = 0
configure:5997: result: yes
configure:5997: checking for stdint.h
configure:5997: g++ -c -pthread -g -O2 -std=gnu++11 -I/usr/local/include  conftest.cpp >&5
configure:5997: $? = 0
configure:5997: result: yes
configure:5997: checking for unistd.h
configure:5997: g++ -c -pthread -g -O2 -std=gnu++11 -I/usr/local/include  conftest.cpp >&5
configure:5997: $? = 0
configure:5997: result: yes
configure:6012: checking if zlib is wanted
configure:6034: result: yes
configure:6070: checking for inflateEnd in -lz
configure:6095: gcc -o conftest -g -O2  -I/usr/include -L/usr/local/lib -L/usr/lib conftest.c -lz    >&5
configure:6095: $? = 0
configure:6104: result: yes
configure:6112: checking zlib.h usability
configure:6112: gcc -c -g -O2  -I/usr/include conftest.c >&5
configure:6112: $? = 0
configure:6112: result: yes
configure:6112: checking zlib.h presence
configure:6112: gcc -E  -I/usr/include conftest.c
configure:6112: $? = 0
configure:6112: result: yes
configure:6112: checking for zlib.h
configure:6112: result: yes
configure:6151: result: Determined host operating system: linux-gnu
configure:6190: checking how to run the C++ preprocessor
configure:6217: g++ -E  -I/usr/include -I/usr/include conftest.cpp
configure:6217: $? = 0
configure:6231: g++ -E  -I/usr/include -I/usr/include conftest.cpp
conftest.cpp:25:28: fatal error: ac_nonexistent.h: No such file or directory
compilation terminated.
configure:6231: $? = 1
configure: failed program was:
| /* confdefs.h */
| #define PACKAGE_NAME "flipr"
| #define PACKAGE_TARNAME "flipr"
| #define PACKAGE_VERSION "0.1"
| #define PACKAGE_STRING "flipr 0.1"
| #define PACKAGE_BUGREPORT "yibo@umich.edu"
| #define PACKAGE_URL ""
| #define PACKAGE "flipr"
| #define VERSION "0.1"
| #define HAVE_PTHREAD_PRIO_INHERIT 1
| #define HAVE_PTHREAD 1
| #define HAVE_SYS_TYPES_H 1
| #define HAVE_SYS_STAT_H 1
| #define HAVE_STDLIB_H 1
| #define HAVE_STRING_H 1
| #define HAVE_MEMORY_H 1
| #define HAVE_STRINGS_H 1
| #define HAVE_INTTYPES_H 1
| #define HAVE_STDINT_H 1
| #define HAVE_UNISTD_H 1
| #define HAVE_LIBZ 1
| #define OS "LINUX"
| #define _LINUX 1
| /* end confdefs.h.  */
| #include <ac_nonexistent.h>
configure:6256: result: g++ -E
configure:6276: g++ -E  -I/usr/include -I/usr/include conftest.cpp
configure:6276: $? = 0
configure:6290: g++ -E  -I/usr/include -I/usr/include conftest.cpp
conftest.cpp:25:28: fatal error: ac_nonexistent.h: No such file or directory
compilation terminated.
configure:6290: $? = 1
configure: failed program was:
| /* confdefs.h */
| #define PACKAGE_NAME "flipr"
| #define PACKAGE_TARNAME "flipr"
| #define PACKAGE_VERSION "0.1"
| #define PACKAGE_STRING "flipr 0.1"
| #define PACKAGE_BUGREPORT "yibo@umich.edu"
| #define PACKAGE_URL ""
| #define PACKAGE "flipr"
| #define VERSION "0.1"
| #define HAVE_PTHREAD_PRIO_INHERIT 1
| #define HAVE_PTHREAD 1
| #define HAVE_SYS_TYPES_H 1
| #define HAVE_SYS_STAT_H 1
| #define HAVE_STDLIB_H 1
| #define HAVE_STRING_H 1
| #define HAVE_MEMORY_H 1
| #define HAVE_STRINGS_H 1
| #define HAVE_INTTYPES_H 1
| #define HAVE_STDINT_H 1
| #define HAVE_UNISTD_H 1
| #define HAVE_LIBZ 1
| #define OS "LINUX"
| #define _LINUX 1
| /* end confdefs.h.  */
| #include <ac_nonexistent.h>
configure:6322: checking arpa/inet.h usability
configure:6322: g++ -c -pthread -g -O2 -std=gnu++11 -I/usr/local/include  -I/usr/include -I/usr/include conftest.cpp >&5
configure:6322: $? = 0
configure:6322: result: yes
configure:6322: checking arpa/inet.h presence
configure:6322: g++ -E  -I/usr/include -I/usr/include conftest.cpp
configure:6322: $? = 0
configure:6322: result: yes
configure:6322: checking for arpa/inet.h
configure:6322: result: yes
configure:6322: checking fcntl.h usability
configure:6322: g++ -c -pthread -g -O2 -std=gnu++11 -I/usr/local/include  -I/usr/include -I/usr/include conftest.cpp >&5
configure:6322: $? = 0
configure:6322: result: yes
configure:6322: checking fcntl.h presence
configure:6322: g++ -E  -I/usr/include -I/usr/include conftest.cpp
configure:6322: $? = 0
configure:6322: result: yes
configure:6322: checking for fcntl.h
configure:6322: result: yes
configure:6322: checking for inttypes.h
configure:6322: result: yes
configure:6322: checking netdb.h usability
configure:6322: g++ -c -pthread -g -O2 -std=gnu++11 -I/usr/local/include  -I/usr/include -I/usr/include conftest.cpp >&5
configure:6322: $? = 0
configure:6322: result: yes
configure:6322: checking netdb.h presence
configure:6322: g++ -E  -I/usr/include -I/usr/include conftest.cpp
configure:6322: $? = 0
configure:6322: result: yes
configure:6322: checking for netdb.h
configure:6322: result: yes
configure:6335: checking netinet/in.h usability
configure:6335: g++ -c -pthread -g -O2 -std=gnu++11 -I/usr/local/include  -I/usr/include -I/usr/include conftest.cpp >&5
configure:6335: $? = 0
configure:6335: result: yes
configure:6335: checking netinet/in.h presence
configure:6335: g++ -E  -I/usr/include -I/usr/include conftest.cpp
configure:6335: $? = 0
configure:6335: result: yes
configure:6335: checking for netinet/in.h
configure:6335: result: yes
configure:6335: checking for stdint.h
configure:6335: result: yes
configure:6335: checking for stdlib.h
configure:6335: result: yes
configure:6335: checking for string.h
configure:6335: result: yes
configure:6335: checking for strings.h
configure:6335: result: yes
configure:6348: checking sys/param.h usability
configure:6348: g++ -c -pthread -g -O2 -std=gnu++11 -I/usr/local/include  -I/usr/include -I/usr/include conftest.cpp >&5
configure:6348: $? = 0
configure:6348: result: yes
configure:6348: checking sys/param.h presence
configure:6348: g++ -E  -I/usr/include -I/usr/include conftest.cpp
configure:6348: $? = 0
configure:6348: result: yes
configure:6348: checking for sys/param.h
configure:6348: result: yes
configure:6348: checking for sys/types.h
configure:6348: result: yes
configure:6348: checking sys/socket.h usability
configure:6348: g++ -c -pthread -g -O2 -std=gnu++11 -I/usr/local/include  -I/usr/include -I/usr/include conftest.cpp >&5
configure:6348: $? = 0
configure:6348: result: yes
configure:6348: checking sys/socket.h presence
configure:6348: g++ -E  -I/usr/include -I/usr/include conftest.cpp
configure:6348: $? = 0
configure:6348: result: yes
configure:6348: checking for sys/socket.h
configure:6348: result: yes
configure:6348: checking for unistd.h
configure:6348: result: yes
configure:6361: checking netinet/in_systm.h usability
configure:6361: g++ -c -pthread -g -O2 -std=gnu++11 -I/usr/local/include  -I/usr/include -I/usr/include conftest.cpp >&5
configure:6361: $? = 0
configure:6361: result: yes
configure:6361: checking netinet/in_systm.h presence
configure:6361: g++ -E  -I/usr/include -I/usr/include conftest.cpp
configure:6361: $? = 0
configure:6361: result: yes
configure:6361: checking for netinet/in_systm.h
configure:6361: result: yes
configure:6361: checking netinet/udp.h usability
configure:6361: g++ -c -pthread -g -O2 -std=gnu++11 -I/usr/local/include  -I/usr/include -I/usr/include conftest.cpp >&5
configure:6361: $? = 0
configure:6361: result: yes
configure:6361: checking netinet/udp.h presence
configure:6361: g++ -E  -I/usr/include -I/usr/include conftest.cpp
configure:6361: $? = 0
configure:6361: result: yes
configure:6361: checking for netinet/udp.h
configure:6361: result: yes
configure:6373: checking netinet/tcp.h usability
configure:6373: g++ -c -pthread -g -O2 -std=gnu++11 -I/usr/local/include  -I/usr/include -I/usr/include conftest.cpp >&5
configure:6373: $? = 0
configure:6373: result: yes
configure:6373: checking netinet/tcp.h presence
configure:6373: g++ -E  -I/usr/include -I/usr/include conftest.cpp
configure:6373: $? = 0
configure:6373: result: yes
configure:6373: checking for netinet/tcp.h
configure:6373: result: yes
configure:6386: checking for netinet/ip.h
configure:6386: g++ -c -pthread -g -O2 -std=gnu++11 -I/usr/local/include  -I/usr/include -I/usr/include conftest.cpp >&5
configure:6386: $? = 0
configure:6386: result: yes
configure:6386: checking for netinet/ip_icmp.h
configure:6386: g++ -c -pthread -g -O2 -std=gnu++11 -I/usr/local/include  -I/usr/include -I/usr/include conftest.cpp >&5
configure:6386: $? = 0
configure:6386: result: yes
configure:6386: checking for netinet/ip_var.h
configure:6386: g++ -c -pthread -g -O2 -std=gnu++11 -I/usr/local/include  -I/usr/include -I/usr/include conftest.cpp >&5
conftest.cpp:55:28: fatal error: netinet/ip_var.h: No such file or directory
compilation terminated.
configure:6386: $? = 1
configure: failed program was:
| /* confdefs.h */
| #define PACKAGE_NAME "flipr"
| #define PACKAGE_TARNAME "flipr"
| #define PACKAGE_VERSION "0.1"
| #define PACKAGE_STRING "flipr 0.1"
| #define PACKAGE_BUGREPORT "yibo@umich.edu"
| #define PACKAGE_URL ""
| #define PACKAGE "flipr"
| #define VERSION "0.1"
| #define HAVE_PTHREAD_PRIO_INHERIT 1
| #define HAVE_PTHREAD 1
| #define HAVE_SYS_TYPES_H 1
| #define HAVE_SYS_STAT_H 1
| #define HAVE_STDLIB_H 1
| #define HAVE_STRING_H 1
| #define HAVE_MEMORY_H 1
| #define HAVE_STRINGS_H 1
| #define HAVE_INTTYPES_H 1
| #define HAVE_STDINT_H 1
| #define HAVE_UNISTD_H 1
| #define HAVE_LIBZ 1
| #define OS "LINUX"
| #define _LINUX 1
| #define HAVE_ARPA_INET_H 1
| #define HAVE_FCNTL_H 1
| #define HAVE_INTTYPES_H 1
| #define HAVE_NETDB_H 1
| #define HAVE_NETINET_IN_H 1
| #define HAVE_STDINT_H 1
| #define HAVE_STDLIB_H 1
| #define HAVE_STRING_H 1
| #define HAVE_STRINGS_H 1
| #define HAVE_SYS_PARAM_H 1
| #define HAVE_SYS_TYPES_H 1
| #define HAVE_SYS_SOCKET_H 1
| #define HAVE_UNISTD_H 1
| #define HAVE_NETINET_IN_SYSTM_H 1
| #define HAVE_NETINET_UDP_H 1
| #define HAVE_NETINET_TCP_H 1
| #define HAVE_NETINET_IP_H 1
| #define HAVE_NETINET_IP_ICMP_H 1
| /* end confdefs.h.  */
| 
|    #ifdef HAVE_SYS_TYPES_H
|    #include <sys/types.h>
|    #endif
|    #ifdef HAVE_NETINET_IN_SYSTM_H
|    #include <netinet/in_systm.h>
|    #endif
|    #ifdef HAVE_NETINET_IN_H
|    #include <netinet/in.h>
|    #endif
| 
| 
| #include <netinet/ip_var.h>
configure:6386: result: no
configure:6409: checking for netinet/udp_var.h
configure:6409: g++ -c -pthread -g -O2 -std=gnu++11 -I/usr/local/include  -I/usr/include -I/usr/include conftest.cpp >&5
conftest.cpp:57:31: fatal error: netinet/ip_var.h: No such file or directory
compilation terminated.
configure:6409: $? = 1
configure: failed program was:
| /* confdefs.h */
| #define PACKAGE_NAME "flipr"
| #define PACKAGE_TARNAME "flipr"
| #define PACKAGE_VERSION "0.1"
| #define PACKAGE_STRING "flipr 0.1"
| #define PACKAGE_BUGREPORT "yibo@umich.edu"
| #define PACKAGE_URL ""
| #define PACKAGE "flipr"
| #define VERSION "0.1"
| #define HAVE_PTHREAD_PRIO_INHERIT 1
| #define HAVE_PTHREAD 1
| #define HAVE_SYS_TYPES_H 1
| #define HAVE_SYS_STAT_H 1
| #define HAVE_STDLIB_H 1
| #define HAVE_STRING_H 1
| #define HAVE_MEMORY_H 1
| #define HAVE_STRINGS_H 1
| #define HAVE_INTTYPES_H 1
| #define HAVE_STDINT_H 1
| #define HAVE_UNISTD_H 1
| #define HAVE_LIBZ 1
| #define OS "LINUX"
| #define _LINUX 1
| #define HAVE_ARPA_INET_H 1
| #define HAVE_FCNTL_H 1
| #define HAVE_INTTYPES_H 1
| #define HAVE_NETDB_H 1
| #define HAVE_NETINET_IN_H 1
| #define HAVE_STDINT_H 1
| #define HAVE_STDLIB_H 1
| #define HAVE_STRING_H 1
| #define HAVE_STRINGS_H 1
| #define HAVE_SYS_PARAM_H 1
| #define HAVE_SYS_TYPES_H 1
| #define HAVE_SYS_SOCKET_H 1
| #define HAVE_UNISTD_H 1
| #define HAVE_NETINET_IN_SYSTM_H 1
| #define HAVE_NETINET_UDP_H 1
| #define HAVE_NETINET_TCP_H 1
| #define HAVE_NETINET_IP_H 1
| #define HAVE_NETINET_IP_ICMP_H 1
| /* end confdefs.h.  */
| 
|    #ifdef HAVE_SYS_TYPES_H
|    #include <sys/types.h>
|    #endif
|    #ifdef HAVE_NETINET_IN_SYSTM_H
|    #include <netinet/in_systm.h>
|    #endif
|    #ifdef HAVE_NETINET_IN_H
|    #include <netinet/in.h>
|    #endif
|    #ifdef HAVE_NETINET_UDP_H
|    #include <netinet/udp.h>
|    #endif
|    #ifdef HAVE_NETINET_IP_H
|    #include <netinet/ip_var.h>
|    #endif
| 
| 
| #include <netinet/udp_var.h>
configure:6409: result: no
configure:6438: checking for pid_t
configure:6438: g++ -c -pthread -g -O2 -std=gnu++11 -I/usr/local/include  -I/usr/include -I/usr/include conftest.cpp >&5
configure:6438: $? = 0
configure:6438: g++ -c -pthread -g -O2 -std=gnu++11 -I/usr/local/include  -I/usr/include -I/usr/include conftest.cpp >&5
conftest.cpp: In function 'int main()':
conftest.cpp:79:19: error: expected primary-expression before ')' token
 if (sizeof ((pid_t)))
                   ^
configure:6438: $? = 1
configure: failed program was:
| /* confdefs.h */
| #define PACKAGE_NAME "flipr"
| #define PACKAGE_TARNAME "flipr"
| #define PACKAGE_VERSION "0.1"
| #define PACKAGE_STRING "flipr 0.1"
| #define PACKAGE_BUGREPORT "yibo@umich.edu"
| #define PACKAGE_URL ""
| #define PACKAGE "flipr"
| #define VERSION "0.1"
| #define HAVE_PTHREAD_PRIO_INHERIT 1
| #define HAVE_PTHREAD 1
| #define HAVE_SYS_TYPES_H 1
| #define HAVE_SYS_STAT_H 1
| #define HAVE_STDLIB_H 1
| #define HAVE_STRING_H 1
| #define HAVE_MEMORY_H 1
| #define HAVE_STRINGS_H 1
| #define HAVE_INTTYPES_H 1
| #define HAVE_STDINT_H 1
| #define HAVE_UNISTD_H 1
| #define HAVE_LIBZ 1
| #define OS "LINUX"
| #define _LINUX 1
| #define HAVE_ARPA_INET_H 1
| #define HAVE_FCNTL_H 1
| #define HAVE_INTTYPES_H 1
| #define HAVE_NETDB_H 1
| #define HAVE_NETINET_IN_H 1
| #define HAVE_STDINT_H 1
| #define HAVE_STDLIB_H 1
| #define HAVE_STRING_H 1
| #define HAVE_STRINGS_H 1
| #define HAVE_SYS_PARAM_H 1
| #define HAVE_SYS_TYPES_H 1
| #define HAVE_SYS_SOCKET_H 1
| #define HAVE_UNISTD_H 1
| #define HAVE_NETINET_IN_SYSTM_H 1
| #define HAVE_NETINET_UDP_H 1
| #define HAVE_NETINET_TCP_H 1
| #define HAVE_NETINET_IP_H 1
| #define HAVE_NETINET_IP_ICMP_H 1
| /* end confdefs.h.  */
| #include <stdio.h>
| #ifdef HAVE_SYS_TYPES_H
| # include <sys/types.h>
| #endif
| #ifdef HAVE_SYS_STAT_H
| # include <sys/stat.h>
| #endif
| #ifdef STDC_HEADERS
| # include <stdlib.h>
| # include <stddef.h>
| #else
| # ifdef HAVE_STDLIB_H
| #  include <stdlib.h>
| # endif
| #endif
| #ifdef HAVE_STRING_H
| # if !defined STDC_HEADERS && defined HAVE_MEMORY_H
| #  include <memory.h>
| # endif
| # include <string.h>
| #endif
| #ifdef HAVE_STRINGS_H
| # include <strings.h>
| #endif
| #ifdef HAVE_INTTYPES_H
| # include <inttypes.h>
| #endif
| #ifdef HAVE_STDINT_H
| # include <stdint.h>
| #endif
| #ifdef HAVE_UNISTD_H
| # include <unistd.h>
| #endif
| int
| main ()
| {
| if (sizeof ((pid_t)))
| 	    return 0;
|   ;
|   return 0;
| }
configure:6438: result: yes
configure:6449: checking for size_t
configure:6449: g++ -c -pthread -g -O2 -std=gnu++11 -I/usr/local/include  -I/usr/include -I/usr/include conftest.cpp >&5
configure:6449: $? = 0
configure:6449: g++ -c -pthread -g -O2 -std=gnu++11 -I/usr/local/include  -I/usr/include -I/usr/include conftest.cpp >&5
conftest.cpp: In function 'int main()':
conftest.cpp:79:20: error: expected primary-expression before ')' token
 if (sizeof ((size_t)))
                    ^
configure:6449: $? = 1
configure: failed program was:
| /* confdefs.h */
| #define PACKAGE_NAME "flipr"
| #define PACKAGE_TARNAME "flipr"
| #define PACKAGE_VERSION "0.1"
| #define PACKAGE_STRING "flipr 0.1"
| #define PACKAGE_BUGREPORT "yibo@umich.edu"
| #define PACKAGE_URL ""
| #define PACKAGE "flipr"
| #define VERSION "0.1"
| #define HAVE_PTHREAD_PRIO_INHERIT 1
| #define HAVE_PTHREAD 1
| #define HAVE_SYS_TYPES_H 1
| #define HAVE_SYS_STAT_H 1
| #define HAVE_STDLIB_H 1
| #define HAVE_STRING_H 1
| #define HAVE_MEMORY_H 1
| #define HAVE_STRINGS_H 1
| #define HAVE_INTTYPES_H 1
| #define HAVE_STDINT_H 1
| #define HAVE_UNISTD_H 1
| #define HAVE_LIBZ 1
| #define OS "LINUX"
| #define _LINUX 1
| #define HAVE_ARPA_INET_H 1
| #define HAVE_FCNTL_H 1
| #define HAVE_INTTYPES_H 1
| #define HAVE_NETDB_H 1
| #define HAVE_NETINET_IN_H 1
| #define HAVE_STDINT_H 1
| #define HAVE_STDLIB_H 1
| #define HAVE_STRING_H 1
| #define HAVE_STRINGS_H 1
| #define HAVE_SYS_PARAM_H 1
| #define HAVE_SYS_TYPES_H 1
| #define HAVE_SYS_SOCKET_H 1
| #define HAVE_UNISTD_H 1
| #define HAVE_NETINET_IN_SYSTM_H 1
| #define HAVE_NETINET_UDP_H 1
| #define HAVE_NETINET_TCP_H 1
| #define HAVE_NETINET_IP_H 1
| #define HAVE_NETINET_IP_ICMP_H 1
| /* end confdefs.h.  */
| #include <stdio.h>
| #ifdef HAVE_SYS_TYPES_H
| # include <sys/types.h>
| #endif
| #ifdef HAVE_SYS_STAT_H
| # include <sys/stat.h>
| #endif
| #ifdef STDC_HEADERS
| # include <stdlib.h>
| # include <stddef.h>
| #else
| # ifdef HAVE_STDLIB_H
| #  include <stdlib.h>
| # endif
| #endif
| #ifdef HAVE_STRING_H
| # if !defined STDC_HEADERS && defined HAVE_MEMORY_H
| #  include <memory.h>
| # endif
| # include <string.h>
| #endif
| #ifdef HAVE_STRINGS_H
| # include <strings.h>
| #endif
| #ifdef HAVE_INTTYPES_H
| # include <inttypes.h>
| #endif
| #ifdef HAVE_STDINT_H
| # include <stdint.h>
| #endif
| #ifdef HAVE_UNISTD_H
| # include <unistd.h>
| #endif
| int
| main ()
| {
| if (sizeof ((size_t)))
| 	    return 0;
|   ;
|   return 0;
| }
configure:6449: result: yes
configure:6460: checking for ssize_t
configure:6460: g++ -c -pthread -g -O2 -std=gnu++11 -I/usr/local/include  -I/usr/include -I/usr/include conftest.cpp >&5
configure:6460: $? = 0
configure:6460: g++ -c -pthread -g -O2 -std=gnu++11 -I/usr/local/include  -I/usr/include -I/usr/include conftest.cpp >&5
conftest.cpp: In function 'int main()':
conftest.cpp:79:21: error: expected primary-expression before ')' token
 if (sizeof ((ssize_t)))
                     ^
configure:6460: $? = 1
configure: failed program was:
| /* confdefs.h */
| #define PACKAGE_NAME "flipr"
| #define PACKAGE_TARNAME "flipr"
| #define PACKAGE_VERSION "0.1"
| #define PACKAGE_STRING "flipr 0.1"
| #define PACKAGE_BUGREPORT "yibo@umich.edu"
| #define PACKAGE_URL ""
| #define PACKAGE "flipr"
| #define VERSION "0.1"
| #define HAVE_PTHREAD_PRIO_INHERIT 1
| #define HAVE_PTHREAD 1
| #define HAVE_SYS_TYPES_H 1
| #define HAVE_SYS_STAT_H 1
| #define HAVE_STDLIB_H 1
| #define HAVE_STRING_H 1
| #define HAVE_MEMORY_H 1
| #define HAVE_STRINGS_H 1
| #define HAVE_INTTYPES_H 1
| #define HAVE_STDINT_H 1
| #define HAVE_UNISTD_H 1
| #define HAVE_LIBZ 1
| #define OS "LINUX"
| #define _LINUX 1
| #define HAVE_ARPA_INET_H 1
| #define HAVE_FCNTL_H 1
| #define HAVE_INTTYPES_H 1
| #define HAVE_NETDB_H 1
| #define HAVE_NETINET_IN_H 1
| #define HAVE_STDINT_H 1
| #define HAVE_STDLIB_H 1
| #define HAVE_STRING_H 1
| #define HAVE_STRINGS_H 1
| #define HAVE_SYS_PARAM_H 1
| #define HAVE_SYS_TYPES_H 1
| #define HAVE_SYS_SOCKET_H 1
| #define HAVE_UNISTD_H 1
| #define HAVE_NETINET_IN_SYSTM_H 1
| #define HAVE_NETINET_UDP_H 1
| #define HAVE_NETINET_TCP_H 1
| #define HAVE_NETINET_IP_H 1
| #define HAVE_NETINET_IP_ICMP_H 1
| /* end confdefs.h.  */
| #include <stdio.h>
| #ifdef HAVE_SYS_TYPES_H
| # include <sys/types.h>
| #endif
| #ifdef HAVE_SYS_STAT_H
| # include <sys/stat.h>
| #endif
| #ifdef STDC_HEADERS
| # include <stdlib.h>
| # include <stddef.h>
| #else
| # ifdef HAVE_STDLIB_H
| #  include <stdlib.h>
| # endif
| #endif
| #ifdef HAVE_STRING_H
| # if !defined STDC_HEADERS && defined HAVE_MEMORY_H
| #  include <memory.h>
| # endif
| # include <string.h>
| #endif
| #ifdef HAVE_STRINGS_H
| # include <strings.h>
| #endif
| #ifdef HAVE_INTTYPES_H
| # include <inttypes.h>
| #endif
| #ifdef HAVE_STDINT_H
| # include <stdint.h>
| #endif
| #ifdef HAVE_UNISTD_H
| # include <unistd.h>
| #endif
| int
| main ()
| {
| if (sizeof ((ssize_t)))
| 	    return 0;
|   ;
|   return 0;
| }
configure:6460: result: yes
configure:6471: checking for stdbool.h that conforms to C99
configure:6538: g++ -c -pthread -g -O2 -std=gnu++11 -I/usr/local/include  -I/usr/include -I/usr/include conftest.cpp >&5
conftest.cpp:46:15: error: expected unqualified-id before string constant
               "error: bool is not defined"
               ^
conftest.cpp:64:48: error: 's' does not name a type
              struct s { _Bool s: 1; _Bool t; } s;
                                                ^
conftest.cpp:74:28: error: 's' was not declared in this scope
              char i[sizeof s.t];
                            ^
conftest.cpp: In function 'int main()':
conftest.cpp:92:24: error: 's' was not declared in this scope
              bool e = &s;
                        ^
conftest.cpp:96:63: error: 'i' was not declared in this scope
              return (!a + !b + !c + !d + !e + !f + !g + !h + !i + !!j + !k + !!l
                                                               ^
configure:6538: $? = 1
configure: failed program was:
| /* confdefs.h */
| #define PACKAGE_NAME "flipr"
| #define PACKAGE_TARNAME "flipr"
| #define PACKAGE_VERSION "0.1"
| #define PACKAGE_STRING "flipr 0.1"
| #define PACKAGE_BUGREPORT "yibo@umich.edu"
| #define PACKAGE_URL ""
| #define PACKAGE "flipr"
| #define VERSION "0.1"
| #define HAVE_PTHREAD_PRIO_INHERIT 1
| #define HAVE_PTHREAD 1
| #define HAVE_SYS_TYPES_H 1
| #define HAVE_SYS_STAT_H 1
| #define HAVE_STDLIB_H 1
| #define HAVE_STRING_H 1
| #define HAVE_MEMORY_H 1
| #define HAVE_STRINGS_H 1
| #define HAVE_INTTYPES_H 1
| #define HAVE_STDINT_H 1
| #define HAVE_UNISTD_H 1
| #define HAVE_LIBZ 1
| #define OS "LINUX"
| #define _LINUX 1
| #define HAVE_ARPA_INET_H 1
| #define HAVE_FCNTL_H 1
| #define HAVE_INTTYPES_H 1
| #define HAVE_NETDB_H 1
| #define HAVE_NETINET_IN_H 1
| #define HAVE_STDINT_H 1
| #define HAVE_STDLIB_H 1
| #define HAVE_STRING_H 1
| #define HAVE_STRINGS_H 1
| #define HAVE_SYS_PARAM_H 1
| #define HAVE_SYS_TYPES_H 1
| #define HAVE_SYS_SOCKET_H 1
| #define HAVE_UNISTD_H 1
| #define HAVE_NETINET_IN_SYSTM_H 1
| #define HAVE_NETINET_UDP_H 1
| #define HAVE_NETINET_TCP_H 1
| #define HAVE_NETINET_IP_H 1
| #define HAVE_NETINET_IP_ICMP_H 1
| /* end confdefs.h.  */
| 
|              #include <stdbool.h>
|              #ifndef bool
|               "error: bool is not defined"
|              #endif
|              #ifndef false
|               "error: false is not defined"
|              #endif
|              #if false
|               "error: false is not 0"
|              #endif
|              #ifndef true
|               "error: true is not defined"
|              #endif
|              #if true != 1
|               "error: true is not 1"
|              #endif
|              #ifndef __bool_true_false_are_defined
|               "error: __bool_true_false_are_defined is not defined"
|              #endif
| 
|              struct s { _Bool s: 1; _Bool t; } s;
| 
|              char a[true == 1 ? 1 : -1];
|              char b[false == 0 ? 1 : -1];
|              char c[__bool_true_false_are_defined == 1 ? 1 : -1];
|              char d[(bool) 0.5 == true ? 1 : -1];
|              /* See body of main program for 'e'.  */
|              char f[(_Bool) 0.0 == false ? 1 : -1];
|              char g[true];
|              char h[sizeof (_Bool)];
|              char i[sizeof s.t];
|              enum { j = false, k = true, l = false * true, m = true * 256 };
|              /* The following fails for
|                 HP aC++/ANSI C B3910B A.05.55 [Dec 04 2003]. */
|              _Bool n[m];
|              char o[sizeof n == m * sizeof n[0] ? 1 : -1];
|              char p[-1 - (_Bool) 0 < 0 && -1 - (bool) 0 < 0 ? 1 : -1];
|              /* Catch a bug in an HP-UX C compiler.  See
|                 http://gcc.gnu.org/ml/gcc-patches/2003-12/msg02303.html
|                 http://lists.gnu.org/archive/html/bug-coreutils/2005-11/msg00161.html
|               */
|              _Bool q = true;
|              _Bool *pq = &q;
| 
| int
| main ()
| {
| 
|              bool e = &s;
|              *pq |= q;
|              *pq |= ! q;
|              /* Refer to every declared value, to avoid compiler optimizations.  */
|              return (!a + !b + !c + !d + !e + !f + !g + !h + !i + !!j + !k + !!l
|                      + !m + !n + !o + !p + !q + !pq);
| 
|   ;
|   return 0;
| }
configure:6545: result: no
configure:6547: checking for _Bool
configure:6547: g++ -c -pthread -g -O2 -std=gnu++11 -I/usr/local/include  -I/usr/include -I/usr/include conftest.cpp >&5
conftest.cpp: In function 'int main()':
conftest.cpp:79:13: error: '_Bool' was not declared in this scope
 if (sizeof (_Bool))
             ^
configure:6547: $? = 1
configure: failed program was:
| /* confdefs.h */
| #define PACKAGE_NAME "flipr"
| #define PACKAGE_TARNAME "flipr"
| #define PACKAGE_VERSION "0.1"
| #define PACKAGE_STRING "flipr 0.1"
| #define PACKAGE_BUGREPORT "yibo@umich.edu"
| #define PACKAGE_URL ""
| #define PACKAGE "flipr"
| #define VERSION "0.1"
| #define HAVE_PTHREAD_PRIO_INHERIT 1
| #define HAVE_PTHREAD 1
| #define HAVE_SYS_TYPES_H 1
| #define HAVE_SYS_STAT_H 1
| #define HAVE_STDLIB_H 1
| #define HAVE_STRING_H 1
| #define HAVE_MEMORY_H 1
| #define HAVE_STRINGS_H 1
| #define HAVE_INTTYPES_H 1
| #define HAVE_STDINT_H 1
| #define HAVE_UNISTD_H 1
| #define HAVE_LIBZ 1
| #define OS "LINUX"
| #define _LINUX 1
| #define HAVE_ARPA_INET_H 1
| #define HAVE_FCNTL_H 1
| #define HAVE_INTTYPES_H 1
| #define HAVE_NETDB_H 1
| #define HAVE_NETINET_IN_H 1
| #define HAVE_STDINT_H 1
| #define HAVE_STDLIB_H 1
| #define HAVE_STRING_H 1
| #define HAVE_STRINGS_H 1
| #define HAVE_SYS_PARAM_H 1
| #define HAVE_SYS_TYPES_H 1
| #define HAVE_SYS_SOCKET_H 1
| #define HAVE_UNISTD_H 1
| #define HAVE_NETINET_IN_SYSTM_H 1
| #define HAVE_NETINET_UDP_H 1
| #define HAVE_NETINET_TCP_H 1
| #define HAVE_NETINET_IP_H 1
| #define HAVE_NETINET_IP_ICMP_H 1
| /* end confdefs.h.  */
| #include <stdio.h>
| #ifdef HAVE_SYS_TYPES_H
| # include <sys/types.h>
| #endif
| #ifdef HAVE_SYS_STAT_H
| # include <sys/stat.h>
| #endif
| #ifdef STDC_HEADERS
| # include <stdlib.h>
| # include <stddef.h>
| #else
| # ifdef HAVE_STDLIB_H
| #  include <stdlib.h>
| # endif
| #endif
| #ifdef HAVE_STRING_H
| # if !defined STDC_HEADERS && defined HAVE_MEMORY_H
| #  include <memory.h>
| # endif
| # include <string.h>
| #endif
| #ifdef HAVE_STRINGS_H
| # include <strings.h>
| #endif
| #ifdef HAVE_INTTYPES_H
| # include <inttypes.h>
| #endif
| #ifdef HAVE_STDINT_H
| # include <stdint.h>
| #endif
| #ifdef HAVE_UNISTD_H
| # include <unistd.h>
| #endif
| int
| main ()
| {
| if (sizeof (_Bool))
| 	 return 0;
|   ;
|   return 0;
| }
configure:6547: result: no
configure:6564: checking for uint16_t
configure:6564: g++ -c -pthread -g -O2 -std=gnu++11 -I/usr/local/include  -I/usr/include -I/usr/include conftest.cpp >&5
configure:6564: $? = 0
configure:6564: result: yes
configure:6576: checking for uint32_t
configure:6576: g++ -c -pthread -g -O2 -std=gnu++11 -I/usr/local/include  -I/usr/include -I/usr/include conftest.cpp >&5
configure:6576: $? = 0
configure:6576: result: yes
configure:6590: checking for uint64_t
configure:6590: g++ -c -pthread -g -O2 -std=gnu++11 -I/usr/local/include  -I/usr/include -I/usr/include conftest.cpp >&5
configure:6590: $? = 0
configure:6590: result: yes
configure:6604: checking for uint8_t
configure:6604: g++ -c -pthread -g -O2 -std=gnu++11 -I/usr/local/include  -I/usr/include -I/usr/include conftest.cpp >&5
configure:6604: $? = 0
configure:6604: result: yes
configure:6619: checking whether in_addr_t is defined
configure:6638: result: yes
configure:6649: checking whether byte ordering is bigendian
configure:6664: g++ -c -pthread -g -O2 -std=gnu++11 -I/usr/local/include  -I/usr/include -I/usr/include conftest.cpp >&5
conftest.cpp:45:9: error: expected unqualified-id before 'not' token
         not a universal capable compiler
         ^
configure:6664: $? = 1
configure: failed program was:
| /* confdefs.h */
| #define PACKAGE_NAME "flipr"
| #define PACKAGE_TARNAME "flipr"
| #define PACKAGE_VERSION "0.1"
| #define PACKAGE_STRING "flipr 0.1"
| #define PACKAGE_BUGREPORT "yibo@umich.edu"
| #define PACKAGE_URL ""
| #define PACKAGE "flipr"
| #define VERSION "0.1"
| #define HAVE_PTHREAD_PRIO_INHERIT 1
| #define HAVE_PTHREAD 1
| #define HAVE_SYS_TYPES_H 1
| #define HAVE_SYS_STAT_H 1
| #define HAVE_STDLIB_H 1
| #define HAVE_STRING_H 1
| #define HAVE_MEMORY_H 1
| #define HAVE_STRINGS_H 1
| #define HAVE_INTTYPES_H 1
| #define HAVE_STDINT_H 1
| #define HAVE_UNISTD_H 1
| #define HAVE_LIBZ 1
| #define OS "LINUX"
| #define _LINUX 1
| #define HAVE_ARPA_INET_H 1
| #define HAVE_FCNTL_H 1
| #define HAVE_INTTYPES_H 1
| #define HAVE_NETDB_H 1
| #define HAVE_NETINET_IN_H 1
| #define HAVE_STDINT_H 1
| #define HAVE_STDLIB_H 1
| #define HAVE_STRING_H 1
| #define HAVE_STRINGS_H 1
| #define HAVE_SYS_PARAM_H 1
| #define HAVE_SYS_TYPES_H 1
| #define HAVE_SYS_SOCKET_H 1
| #define HAVE_UNISTD_H 1
| #define HAVE_NETINET_IN_SYSTM_H 1
| #define HAVE_NETINET_UDP_H 1
| #define HAVE_NETINET_TCP_H 1
| #define HAVE_NETINET_IP_H 1
| #define HAVE_NETINET_IP_ICMP_H 1
| #define HAVE_IN_ADDR_T 1
| /* end confdefs.h.  */
| #ifndef __APPLE_CC__
| 	       not a universal capable compiler
| 	     #endif
| 	     typedef int dummy;
| 
configure:6709: g++ -c -pthread -g -O2 -std=gnu++11 -I/usr/local/include  -I/usr/include -I/usr/include conftest.cpp >&5
configure:6709: $? = 0
configure:6727: g++ -c -pthread -g -O2 -std=gnu++11 -I/usr/local/include  -I/usr/include -I/usr/include conftest.cpp >&5
conftest.cpp: In function 'int main()':
conftest.cpp:51:8: error: 'big' was not declared in this scope
    not big endian
        ^
configure:6727: $? = 1
configure: failed program was:
| /* confdefs.h */
| #define PACKAGE_NAME "flipr"
| #define PACKAGE_TARNAME "flipr"
| #define PACKAGE_VERSION "0.1"
| #define PACKAGE_STRING "flipr 0.1"
| #define PACKAGE_BUGREPORT "yibo@umich.edu"
| #define PACKAGE_URL ""
| #define PACKAGE "flipr"
| #define VERSION "0.1"
| #define HAVE_PTHREAD_PRIO_INHERIT 1
| #define HAVE_PTHREAD 1
| #define HAVE_SYS_TYPES_H 1
| #define HAVE_SYS_STAT_H 1
| #define HAVE_STDLIB_H 1
| #define HAVE_STRING_H 1
| #define HAVE_MEMORY_H 1
| #define HAVE_STRINGS_H 1
| #define HAVE_INTTYPES_H 1
| #define HAVE_STDINT_H 1
| #define HAVE_UNISTD_H 1
| #define HAVE_LIBZ 1
| #define OS "LINUX"
| #define _LINUX 1
| #define HAVE_ARPA_INET_H 1
| #define HAVE_FCNTL_H 1
| #define HAVE_INTTYPES_H 1
| #define HAVE_NETDB_H 1
| #define HAVE_NETINET_IN_H 1
| #define HAVE_STDINT_H 1
| #define HAVE_STDLIB_H 1
| #define HAVE_STRING_H 1
| #define HAVE_STRINGS_H 1
| #define HAVE_SYS_PARAM_H 1
| #define HAVE_SYS_TYPES_H 1
| #define HAVE_SYS_SOCKET_H 1
| #define HAVE_UNISTD_H 1
| #define HAVE_NETINET_IN_SYSTM_H 1
| #define HAVE_NETINET_UDP_H 1
| #define HAVE_NETINET_TCP_H 1
| #define HAVE_NETINET_IP_H 1
| #define HAVE_NETINET_IP_ICMP_H 1
| #define HAVE_IN_ADDR_T 1
| /* end confdefs.h.  */
| #include <sys/types.h>
| 		#include <sys/param.h>
| 
| int
| main ()
| {
| #if BYTE_ORDER != BIG_ENDIAN
| 		 not big endian
| 		#endif
| 
|   ;
|   return 0;
| }
configure:6855: result: no
configure:6883: checking for inet_ntoa
configure:6883: g++ -o conftest -pthread -g -O2 -std=gnu++11 -I/usr/local/include  -I/usr/include -I/usr/include -L/usr/local/lib -L/usr/lib -L/usr/lib conftest.cpp -lz   >&5
configure:6883: $? = 0
configure:6883: result: yes
configure:6883: checking for memset
configure:6883: g++ -o conftest -pthread -g -O2 -std=gnu++11 -I/usr/local/include  -I/usr/include -I/usr/include -L/usr/local/lib -L/usr/lib -L/usr/lib conftest.cpp -lz   >&5
configure:6883: $? = 0
configure:6883: result: yes
configure:6883: checking for select
configure:6883: g++ -o conftest -pthread -g -O2 -std=gnu++11 -I/usr/local/include  -I/usr/include -I/usr/include -L/usr/local/lib -L/usr/lib -L/usr/lib conftest.cpp -lz   >&5
configure:6883: $? = 0
configure:6883: result: yes
configure:6883: checking for socket
configure:6883: g++ -o conftest -pthread -g -O2 -std=gnu++11 -I/usr/local/include  -I/usr/include -I/usr/include -L/usr/local/lib -L/usr/lib -L/usr/lib conftest.cpp -lz   >&5
configure:6883: $? = 0
configure:6883: result: yes
configure:6883: checking for strerror
configure:6883: g++ -o conftest -pthread -g -O2 -std=gnu++11 -I/usr/local/include  -I/usr/include -I/usr/include -L/usr/local/lib -L/usr/lib -L/usr/lib conftest.cpp -lz   >&5
configure:6883: $? = 0
configure:6883: result: yes
configure:6893: checking for library containing socket
configure:6924: g++ -o conftest -pthread -g -O2 -std=gnu++11 -I/usr/local/include  -I/usr/include -I/usr/include -L/usr/local/lib -L/usr/lib -L/usr/lib conftest.cpp -lz   >&5
configure:6924: $? = 0
configure:6941: result: none required
configure:7133: checking that generated files are newer than configure
configure:7139: result: done
configure:7167: creating ./config.status

## ---------------------- ##
## Running config.status. ##
## ---------------------- ##

This file was extended by flipr config.status 0.1, which was
generated by GNU Autoconf 2.69.  Invocation command line was

  CONFIG_FILES    = 
  CONFIG_HEADERS  = 
  CONFIG_LINKS    = 
  CONFIG_COMMANDS = 
  $ ./config.status 

on cdxs

config.status:903: creating Makefile
config.status:903: creating utils/Makefile
config.status:903: creating config.h
config.status:1084: config.h is unchanged
config.status:1132: executing depfiles commands

## ---------------- ##
## Cache variables. ##
## ---------------- ##

ac_cv_build=x86_64-unknown-linux-gnu
ac_cv_c_bigendian=no
ac_cv_c_compiler_gnu=yes
ac_cv_c_uint16_t=yes
ac_cv_c_uint32_t=yes
ac_cv_c_uint64_t=yes
ac_cv_c_uint8_t=yes
ac_cv_cxx_compiler_gnu=yes
ac_cv_env_CCC_set=
ac_cv_env_CCC_value=
ac_cv_env_CC_set=
ac_cv_env_CC_value=
ac_cv_env_CFLAGS_set=
ac_cv_env_CFLAGS_value=
ac_cv_env_CPPFLAGS_set=
ac_cv_env_CPPFLAGS_value=
ac_cv_env_CPP_set=
ac_cv_env_CPP_value=
ac_cv_env_CXXCPP_set=
ac_cv_env_CXXCPP_value=
ac_cv_env_CXXFLAGS_set=
ac_cv_env_CXXFLAGS_value=
ac_cv_env_CXX_set=
ac_cv_env_CXX_value=
ac_cv_env_LDFLAGS_set=
ac_cv_env_LDFLAGS_value=
ac_cv_env_LIBS_set=
ac_cv_env_LIBS_value=
ac_cv_env_build_alias_set=
ac_cv_env_build_alias_value=
ac_cv_env_host_alias_set=
ac_cv_env_host_alias_value=
ac_cv_env_target_alias_set=
ac_cv_env_target_alias_value=
ac_cv_func_inet_ntoa=yes
ac_cv_func_memset=yes
ac_cv_func_select=yes
ac_cv_func_socket=yes
ac_cv_func_strerror=yes
ac_cv_header_arpa_inet_h=yes
ac_cv_header_fcntl_h=yes
ac_cv_header_inttypes_h=yes
ac_cv_header_memory_h=yes
ac_cv_header_netdb_h=yes
ac_cv_header_netinet_in_h=yes
ac_cv_header_netinet_in_systm_h=yes
ac_cv_header_netinet_ip_h=yes
ac_cv_header_netinet_ip_icmp_h=yes
ac_cv_header_netinet_ip_var_h=no
ac_cv_header_netinet_tcp_h=yes
ac_cv_header_netinet_udp_h=yes
ac_cv_header_netinet_udp_var_h=no
ac_cv_header_stdbool_h=no
ac_cv_header_stdc=no
ac_cv_header_stdint_h=yes
ac_cv_header_stdlib_h=yes
ac_cv_header_string_h=yes
ac_cv_header_strings_h=yes
ac_cv_header_sys_param_h=yes
ac_cv_header_sys_socket_h=yes
ac_cv_header_sys_stat_h=yes
ac_cv_header_sys_types_h=yes
ac_cv_header_unistd_h=yes
ac_cv_header_zlib_h=yes
ac_cv_host=x86_64-unknown-linux-gnu
ac_cv_lib_z_inflateEnd=yes
ac_cv_objext=o
ac_cv_path_EGREP='/bin/grep -E'
ac_cv_path_GREP=/bin/grep
ac_cv_path_SED=/bin/sed
ac_cv_path_install='/usr/bin/install -c'
ac_cv_path_mkdir=/bin/mkdir
ac_cv_prog_AWK=mawk
ac_cv_prog_CPP='gcc -E'
ac_cv_prog_CXXCPP='g++ -E'
ac_cv_prog_ac_ct_CC=gcc
ac_cv_prog_ac_ct_CXX=g++
ac_cv_prog_cc_c89=
ac_cv_prog_cc_g=yes
ac_cv_prog_cxx_g=yes
ac_cv_prog_make_make_set=yes
ac_cv_search_socket='none required'
ac_cv_type__Bool=no
ac_cv_type_pid_t=yes
ac_cv_type_size_t=yes
ac_cv_type_ssize_t=yes
am_cv_CC_dependencies_compiler_type=gcc3
am_cv_CXX_dependencies_compiler_type=gcc3
am_cv_make_support_nested_variables=yes
am_cv_prog_cc_c_o=yes
ax_cv_PTHREAD_CLANG=no
ax_cv_PTHREAD_JOINABLE_ATTR=PTHREAD_CREATE_JOINABLE
ax_cv_PTHREAD_PRIO_INHERIT=yes
ax_cv_PTHREAD_SPECIAL_FLAGS=no
ax_cv_cxx_compile_cxx11=no
ax_cv_cxx_compile_cxx11__std_gnupp11=yes
sip_cv_type_in_addr_t=yes
zlib_cv_libz=yes
zlib_cv_zlib_h=yes

## ----------------- ##
## Output variables. ##
## ----------------- ##

ACLOCAL='${SHELL} /home/yibo/Documents/flowmap/uncongested/flipr_v1/build-aux/missing aclocal-1.15'
AMDEPBACKSLASH='\'
AMDEP_FALSE='#'
AMDEP_TRUE=''
AMTAR='$${TAR-tar}'
AM_BACKSLASH='\'
AM_DEFAULT_V='$(AM_DEFAULT_VERBOSITY)'
AM_DEFAULT_VERBOSITY='1'
AM_V='$(V)'
AUTOCONF='${SHELL} /home/yibo/Documents/flowmap/uncongested/flipr_v1/build-aux/missing autoconf'
AUTOHEADER='${SHELL} /home/yibo/Documents/flowmap/uncongested/flipr_v1/build-aux/missing autoheader'
AUTOMAKE='${SHELL} /home/yibo/Documents/flowmap/uncongested/flipr_v1/build-aux/missing automake-1.15'
AWK='mawk'
CC='gcc'
CCDEPMODE='depmode=gcc3'
CFLAGS='-g -O2'
CPP='gcc -E'
CPPFLAGS=' -I/usr/include -I/usr/include'
CXX='g++'
CXXCPP='g++ -E'
CXXDEPMODE='depmode=gcc3'
CXXFLAGS='-pthread -g -O2 -std=gnu++11 -I/usr/local/include'
CYGPATH_W='echo'
DEFS='-DHAVE_CONFIG_H'
DEPDIR='.deps'
ECHO_C=''
ECHO_N='-n'
ECHO_T=''
EGREP='/bin/grep -E'
EXEEXT=''
GREP='/bin/grep'
HAVE_CXX11=''
INSTALL_DATA='${INSTALL} -m 644'
INSTALL_PROGRAM='${INSTALL}'
INSTALL_SCRIPT='${INSTALL}'
INSTALL_STRIP_PROGRAM='$(install_sh) -c -s'
LDFLAGS='-L/usr/local/lib -L/usr/lib -L/usr/lib'
LIBOBJS=''
LIBS='-lz  '
LTLIBOBJS=''
MAKEINFO='${SHELL} /home/yibo/Documents/flowmap/uncongested/flipr_v1/build-aux/missing makeinfo'
MKDIR_P='/bin/mkdir -p'
OBJEXT='o'
PACKAGE='flipr'
PACKAGE_BUGREPORT='yibo@umich.edu'
PACKAGE_NAME='flipr'
PACKAGE_STRING='flipr 0.1'
PACKAGE_TARNAME='flipr'
PACKAGE_URL=''
PACKAGE_VERSION='0.1'
PATH_SEPARATOR=':'
PTHREAD_CC='gcc'
PTHREAD_CFLAGS='-pthread'
PTHREAD_LIBS=''
SED='/bin/sed'
SET_MAKE=''
SHELL='/bin/bash'
STRIP=''
VERSION='0.1'
ac_ct_CC='gcc'
ac_ct_CXX='g++'
am__EXEEXT_FALSE=''
am__EXEEXT_TRUE='#'
am__fastdepCC_FALSE='#'
am__fastdepCC_TRUE=''
am__fastdepCXX_FALSE='#'
am__fastdepCXX_TRUE=''
am__include='include'
am__isrc=''
am__leading_dot='.'
am__nodep='_no'
am__quote=''
am__tar='$${TAR-tar} chof - "$$tardir"'
am__untar='$${TAR-tar} xf -'
ax_pthread_config=''
bindir='${exec_prefix}/bin'
build='x86_64-unknown-linux-gnu'
build_alias=''
build_cpu='x86_64'
build_os='linux-gnu'
build_vendor='unknown'
datadir='${datarootdir}'
datarootdir='${prefix}/share'
docdir='${datarootdir}/doc/${PACKAGE_TARNAME}'
dvidir='${docdir}'
exec_prefix='${prefix}'
host='x86_64-unknown-linux-gnu'
host_alias=''
host_cpu='x86_64'
host_os='linux-gnu'
host_vendor='unknown'
htmldir='${docdir}'
includedir='${prefix}/include'
infodir='${datarootdir}/info'
install_sh='${SHELL} /home/yibo/Documents/flowmap/uncongested/flipr_v1/build-aux/install-sh'
libdir='${exec_prefix}/lib'
libexecdir='${exec_prefix}/libexec'
localedir='${datarootdir}/locale'
localstatedir='${prefix}/var'
mandir='${datarootdir}/man'
mkdir_p='$(MKDIR_P)'
oldincludedir='/usr/include'
pdfdir='${docdir}'
prefix='/usr/local'
program_transform_name='s,x,x,'
psdir='${docdir}'
runstatedir='${localstatedir}/run'
sbindir='${exec_prefix}/sbin'
sharedstatedir='${prefix}/com'
sysconfdir='${prefix}/etc'
target_alias=''

## ----------- ##
## confdefs.h. ##
## ----------- ##

/* confdefs.h */
#define PACKAGE_NAME "flipr"
#define PACKAGE_TARNAME "flipr"
#define PACKAGE_VERSION "0.1"
#define PACKAGE_STRING "flipr 0.1"
#define PACKAGE_BUGREPORT "yibo@umich.edu"
#define PACKAGE_URL ""
#define PACKAGE "flipr"
#define VERSION "0.1"
#define HAVE_PTHREAD_PRIO_INHERIT 1
#define HAVE_PTHREAD 1
#define HAVE_SYS_TYPES_H 1
#define HAVE_SYS_STAT_H 1
#define HAVE_STDLIB_H 1
#define HAVE_STRING_H 1
#define HAVE_MEMORY_H 1
#define HAVE_STRINGS_H 1
#define HAVE_INTTYPES_H 1
#define HAVE_STDINT_H 1
#define HAVE_UNISTD_H 1
#define HAVE_LIBZ 1
#define OS "LINUX"
#define _LINUX 1
#define HAVE_ARPA_INET_H 1
#define HAVE_FCNTL_H 1
#define HAVE_INTTYPES_H 1
#define HAVE_NETDB_H 1
#define HAVE_NETINET_IN_H 1
#define HAVE_STDINT_H 1
#define HAVE_STDLIB_H 1
#define HAVE_STRING_H 1
#define HAVE_STRINGS_H 1
#define HAVE_SYS_PARAM_H 1
#define HAVE_SYS_TYPES_H 1
#define HAVE_SYS_SOCKET_H 1
#define HAVE_UNISTD_H 1
#define HAVE_NETINET_IN_SYSTM_H 1
#define HAVE_NETINET_UDP_H 1
#define HAVE_NETINET_TCP_H 1
#define HAVE_NETINET_IP_H 1
#define HAVE_NETINET_IP_ICMP_H 1
#define HAVE_IN_ADDR_T 1
#define HAVE_INET_NTOA 1
#define HAVE_MEMSET 1
#define HAVE_SELECT 1
#define HAVE_SOCKET 1
#define HAVE_STRERROR 1

configure: exit 0
